c:\users\c2sim\desktop\c2simarchive\c2simvrfinterfacev2.27\build64\debug\c2simvrfhla1516ed.lib
c:\users\c2sim\desktop\c2simarchive\c2simvrfinterfacev2.27\build64\debug\c2simvrfhla1516ed.exp
c:\users\c2sim\desktop\c2simarchive\c2simvrfinterfacev2.27\c2simvrfhla1516e.dir\debug\vc142.pdb
c:\users\c2sim\desktop\c2simarchive\c2simvrfinterfacev2.27\c2simvrfhla1516e.dir\debug\textif.obj
c:\users\c2sim\desktop\c2simarchive\c2simvrfinterfacev2.27\c2simvrfhla1516e.dir\debug\main.obj
c:\users\c2sim\desktop\c2simarchive\c2simvrfinterfacev2.27\c2simvrfhla1516e.dir\debug\xerces_utils.obj
c:\users\c2sim\desktop\c2simarchive\c2simvrfinterfacev2.27\c2simvrfhla1516e.dir\debug\remotecontrolinit.obj
c:\users\c2sim\desktop\c2simarchive\c2simvrfinterfacev2.27\c2simvrfhla1516e.dir\debug\c2simxmlhandler.obj
c:\users\c2sim\desktop\c2simarchive\c2simvrfinterfacev2.27\c2simvrfhla1516e.dir\debug\c2siminterface.obj
c:\users\c2sim\desktop\c2simarchive\c2simvrfinterfacev2.27\build64\debug\c2simvrfhla1516ed.ilk
c:\users\c2sim\desktop\c2simarchive\c2simvrfinterfacev2.27\build64\debug\c2simvrfhla1516ed.exe
c:\users\c2sim\desktop\c2simarchive\c2simvrfinterfacev2.27\c2simvrfhla1516ed.pdb
c:\users\c2sim\desktop\c2simarchive\c2simvrfinterfacev2.28\c2simvrfhla1516e.dir\debug\c2siminterface.obj
c:\users\c2sim\desktop\c2simarchive\c2simvrfinterfacev2.28\c2simvrfhla1516e.dir\debug\c2simxmlhandler.obj
c:\users\c2sim\desktop\c2simarchive\c2simvrfinterfacev2.28\c2simvrfhla1516e.dir\debug\main.obj
c:\users\c2sim\desktop\c2simarchive\c2simvrfinterfacev2.28\c2simvrfhla1516e.dir\debug\remotecontrolinit.obj
c:\users\c2sim\desktop\c2simarchive\c2simvrfinterfacev2.28\c2simvrfhla1516e.dir\debug\textif.obj
c:\users\c2sim\desktop\c2simarchive\c2simvrfinterfacev2.28\c2simvrfhla1516e.dir\debug\xerces_utils.obj
c:\users\c2sim\desktop\c2simarchive\c2simvrfinterfacev2.28\c2simvrfhla1516e.dir\debug\vc142.pdb
c:\users\c2sim\desktop\c2simarchive\c2simvrfinterfacev2.28\build64\debug\c2simvrfhla1516ed.exe
c:\users\c2sim\desktop\c2simarchive\c2simvrfinterfacev2.28\c2simvrfhla1516e.dir\debug\c2simvrfhla.tlog\c2simvrfhla.write.1u.tlog
c:\users\c2sim\desktop\c2simarchive\c2simvrfinterfacev2.28\c2simvrfhla1516e.dir\debug\c2simvrfhla.tlog\cl.command.1.tlog
c:\users\c2sim\desktop\c2simarchive\c2simvrfinterfacev2.28\c2simvrfhla1516e.dir\debug\c2simvrfhla.tlog\cl.read.1.tlog
c:\users\c2sim\desktop\c2simarchive\c2simvrfinterfacev2.28\c2simvrfhla1516e.dir\debug\c2simvrfhla.tlog\cl.write.1.tlog
c:\users\c2sim\desktop\c2simarchive\c2simvrfinterfacev2.28\c2simvrfhla1516e.dir\debug\c2simvrfhla.tlog\link.command.1.tlog
c:\users\c2sim\desktop\c2simarchive\c2simvrfinterfacev2.28\c2simvrfhla1516e.dir\debug\c2simvrfhla.tlog\link.read.1.tlog
c:\users\c2sim\desktop\c2simarchive\c2simvrfinterfacev2.28\c2simvrfhla1516e.dir\debug\c2simvrfhla.tlog\link.write.1.tlog
