c:\users\c2sim\desktop\c2simarchive\c2simvrfinterfacev2.27\build64\release\c2simvrfdis.lib
c:\users\c2sim\desktop\c2simarchive\c2simvrfinterfacev2.27\build64\release\c2simvrfdis.exp
c:\users\c2sim\desktop\c2simarchive\c2simvrfinterfacev2.27\c2simvrfdis.dir\release\textif.obj
c:\users\c2sim\desktop\c2simarchive\c2simvrfinterfacev2.27\c2simvrfdis.dir\release\main.obj
c:\users\c2sim\desktop\c2simarchive\c2simvrfinterfacev2.27\c2simvrfdis.dir\release\xerces_utils.obj
c:\users\c2sim\desktop\c2simarchive\c2simvrfinterfacev2.27\c2simvrfdis.dir\release\remotecontrolinit.obj
c:\users\c2sim\desktop\c2simarchive\c2simvrfinterfacev2.27\c2simvrfdis.dir\release\c2simxmlhandler.obj
c:\users\c2sim\desktop\c2simarchive\c2simvrfinterfacev2.27\c2simvrfdis.dir\release\c2siminterface.obj
c:\users\c2sim\desktop\c2simarchive\c2simvrfinterfacev2.27\build64\release\c2simvrfdis.exe
c:\users\c2sim\desktop\c2simarchive\c2simvrfinterfacev2.28\c2simvrfdis.dir\release\c2siminterface.obj
c:\users\c2sim\desktop\c2simarchive\c2simvrfinterfacev2.28\c2simvrfdis.dir\release\c2simxmlhandler.obj
c:\users\c2sim\desktop\c2simarchive\c2simvrfinterfacev2.28\c2simvrfdis.dir\release\main.obj
c:\users\c2sim\desktop\c2simarchive\c2simvrfinterfacev2.28\c2simvrfdis.dir\release\remotecontrolinit.obj
c:\users\c2sim\desktop\c2simarchive\c2simvrfinterfacev2.28\c2simvrfdis.dir\release\textif.obj
c:\users\c2sim\desktop\c2simarchive\c2simvrfinterfacev2.28\c2simvrfdis.dir\release\xerces_utils.obj
c:\users\c2sim\desktop\c2simarchive\c2simvrfinterfacev2.28\build64\release\c2simvrfdis.exe
c:\users\c2sim\desktop\c2simarchive\c2simvrfinterfacev2.28\c2simvrfdis.dir\release\c2simvrfdis.tlog\c2simvrfdis.write.1u.tlog
c:\users\c2sim\desktop\c2simarchive\c2simvrfinterfacev2.28\c2simvrfdis.dir\release\c2simvrfdis.tlog\cl.command.1.tlog
c:\users\c2sim\desktop\c2simarchive\c2simvrfinterfacev2.28\c2simvrfdis.dir\release\c2simvrfdis.tlog\cl.read.1.tlog
c:\users\c2sim\desktop\c2simarchive\c2simvrfinterfacev2.28\c2simvrfdis.dir\release\c2simvrfdis.tlog\cl.write.1.tlog
c:\users\c2sim\desktop\c2simarchive\c2simvrfinterfacev2.28\c2simvrfdis.dir\release\c2simvrfdis.tlog\link.command.1.tlog
c:\users\c2sim\desktop\c2simarchive\c2simvrfinterfacev2.28\c2simvrfdis.dir\release\c2simvrfdis.tlog\link.read.1.tlog
c:\users\c2sim\desktop\c2simarchive\c2simvrfinterfacev2.28\c2simvrfdis.dir\release\c2simvrfdis.tlog\link.write.1.tlog
