  C2SIMinterface.cpp
  Unknown compiler version - please run the configure tests and report the results
C:\MAK\vrforces4.9\include\boost\asio\buffer.hpp(531,5): warning C4834: discarding return value of function with 'nodiscard' attribute
C:\MAK\vrforces4.9\include\boost\asio\buffer.hpp(530): message : while compiling class template member function 'void boost::asio::detail::buffer_debug_check<std::_Vector_iterator<std::_Vector_val<std::_Simple_types<_Ty>>>>::operator ()(void)'
          with
          [
              _Ty=boost::asio::detail::buffered_stream_storage::byte_type
          ]
C:\Program Files (x86)\Microsoft Visual Studio\2019\Community\VC\Tools\MSVC\14.24.28314\include\type_traits(1579): message : see reference to function template instantiation 'void boost::asio::detail::buffer_debug_check<std::_Vector_iterator<std::_Vector_val<std::_Simple_types<_Ty>>>>::operator ()(void)' being compiled
          with
          [
              _Ty=boost::asio::detail::buffered_stream_storage::byte_type
          ]
C:\MAK\vrforces4.9\include\boost\asio\buffer.hpp(1119): message : see reference to class template instantiation 'boost::asio::detail::buffer_debug_check<std::_Vector_iterator<std::_Vector_val<std::_Simple_types<_Ty>>>>' being compiled
          with
          [
              _Ty=boost::asio::detail::buffered_stream_storage::byte_type
          ]
C:\MAK\vrforces4.9\include\boost\asio\detail\buffered_stream_storage.hpp(58): message : see reference to function template instantiation 'boost::asio::mutable_buffers_1 boost::asio::buffer<boost::asio::detail::buffered_stream_storage::byte_type,std::allocator<boost::asio::detail::buffered_stream_storage::byte_type>>(std::vector<boost::asio::detail::buffered_stream_storage::byte_type,std::allocator<boost::asio::detail::buffered_stream_storage::byte_type>> &)' being compiled
  C2SIMxmlHandler.cpp
  Unknown compiler version - please run the configure tests and report the results
  remoteControlInit.cxx
  xerces_utils.cpp
  main.cxx
  Unknown compiler version - please run the configure tests and report the results
C:\MAK\vrforces4.9\include\boost\asio\buffer.hpp(531,5): warning C4834: discarding return value of function with 'nodiscard' attribute
C:\MAK\vrforces4.9\include\boost\asio\buffer.hpp(530): message : while compiling class template member function 'void boost::asio::detail::buffer_debug_check<std::_Vector_iterator<std::_Vector_val<std::_Simple_types<_Ty>>>>::operator ()(void)'
          with
          [
              _Ty=boost::asio::detail::buffered_stream_storage::byte_type
          ]
C:\Program Files (x86)\Microsoft Visual Studio\2019\Community\VC\Tools\MSVC\14.24.28314\include\type_traits(1579): message : see reference to function template instantiation 'void boost::asio::detail::buffer_debug_check<std::_Vector_iterator<std::_Vector_val<std::_Simple_types<_Ty>>>>::operator ()(void)' being compiled
          with
          [
              _Ty=boost::asio::detail::buffered_stream_storage::byte_type
          ]
C:\MAK\vrforces4.9\include\boost\asio\buffer.hpp(1119): message : see reference to class template instantiation 'boost::asio::detail::buffer_debug_check<std::_Vector_iterator<std::_Vector_val<std::_Simple_types<_Ty>>>>' being compiled
          with
          [
              _Ty=boost::asio::detail::buffered_stream_storage::byte_type
          ]
C:\MAK\vrforces4.9\include\boost\asio\detail\buffered_stream_storage.hpp(58): message : see reference to function template instantiation 'boost::asio::mutable_buffers_1 boost::asio::buffer<boost::asio::detail::buffered_stream_storage::byte_type,std::allocator<boost::asio::detail::buffered_stream_storage::byte_type>>(std::vector<boost::asio::detail::buffered_stream_storage::byte_type,std::allocator<boost::asio::detail::buffered_stream_storage::byte_type>> &)' being compiled
C:\MAK\vrforces4.9\include\boost\bind\placeholders.hpp(54): message : see reference to class template instantiation 'boost::arg<9>' being compiled
C:\MAK\vrforces4.9\include\boost\bind\placeholders.hpp(53): message : see reference to class template instantiation 'boost::arg<8>' being compiled
C:\MAK\vrforces4.9\include\boost\bind\placeholders.hpp(52): message : see reference to class template instantiation 'boost::arg<7>' being compiled
C:\MAK\vrforces4.9\include\boost\bind\placeholders.hpp(51): message : see reference to class template instantiation 'boost::arg<6>' being compiled
C:\MAK\vrforces4.9\include\boost\bind\placeholders.hpp(50): message : see reference to class template instantiation 'boost::arg<5>' being compiled
C:\MAK\vrforces4.9\include\boost\bind\placeholders.hpp(49): message : see reference to class template instantiation 'boost::arg<4>' being compiled
C:\MAK\vrforces4.9\include\boost\bind\placeholders.hpp(48): message : see reference to class template instantiation 'boost::arg<3>' being compiled
C:\MAK\vrforces4.9\include\boost\bind\placeholders.hpp(47): message : see reference to class template instantiation 'boost::arg<2>' being compiled
C:\MAK\vrforces4.9\include\boost\bind\placeholders.hpp(46): message : see reference to class template instantiation 'boost::arg<1>' being compiled
  textIf.cxx
  Unknown compiler version - please run the configure tests and report the results
C:\MAK\vrforces4.9\include\boost\asio\buffer.hpp(531,5): warning C4834: discarding return value of function with 'nodiscard' attribute
C:\MAK\vrforces4.9\include\boost\asio\buffer.hpp(530): message : while compiling class template member function 'void boost::asio::detail::buffer_debug_check<std::_Vector_iterator<std::_Vector_val<std::_Simple_types<_Ty>>>>::operator ()(void)'
          with
          [
              _Ty=boost::asio::detail::buffered_stream_storage::byte_type
          ]
C:\Program Files (x86)\Microsoft Visual Studio\2019\Community\VC\Tools\MSVC\14.24.28314\include\type_traits(1579): message : see reference to function template instantiation 'void boost::asio::detail::buffer_debug_check<std::_Vector_iterator<std::_Vector_val<std::_Simple_types<_Ty>>>>::operator ()(void)' being compiled
          with
          [
              _Ty=boost::asio::detail::buffered_stream_storage::byte_type
          ]
C:\MAK\vrforces4.9\include\boost\asio\buffer.hpp(1119): message : see reference to class template instantiation 'boost::asio::detail::buffer_debug_check<std::_Vector_iterator<std::_Vector_val<std::_Simple_types<_Ty>>>>' being compiled
          with
          [
              _Ty=boost::asio::detail::buffered_stream_storage::byte_type
          ]
C:\MAK\vrforces4.9\include\boost\asio\detail\buffered_stream_storage.hpp(58): message : see reference to function template instantiation 'boost::asio::mutable_buffers_1 boost::asio::buffer<boost::asio::detail::buffered_stream_storage::byte_type,std::allocator<boost::asio::detail::buffered_stream_storage::byte_type>>(std::vector<boost::asio::detail::buffered_stream_storage::byte_type,std::allocator<boost::asio::detail::buffered_stream_storage::byte_type>> &)' being compiled
C:\MAK\vrforces4.9\include\boost\bind\placeholders.hpp(54): message : see reference to class template instantiation 'boost::arg<9>' being compiled
C:\MAK\vrforces4.9\include\boost\bind\placeholders.hpp(53): message : see reference to class template instantiation 'boost::arg<8>' being compiled
C:\MAK\vrforces4.9\include\boost\bind\placeholders.hpp(52): message : see reference to class template instantiation 'boost::arg<7>' being compiled
C:\MAK\vrforces4.9\include\boost\bind\placeholders.hpp(51): message : see reference to class template instantiation 'boost::arg<6>' being compiled
C:\MAK\vrforces4.9\include\boost\bind\placeholders.hpp(50): message : see reference to class template instantiation 'boost::arg<5>' being compiled
C:\MAK\vrforces4.9\include\boost\bind\placeholders.hpp(49): message : see reference to class template instantiation 'boost::arg<4>' being compiled
C:\MAK\vrforces4.9\include\boost\bind\placeholders.hpp(48): message : see reference to class template instantiation 'boost::arg<3>' being compiled
C:\MAK\vrforces4.9\include\boost\bind\placeholders.hpp(47): message : see reference to class template instantiation 'boost::arg<2>' being compiled
C:\MAK\vrforces4.9\include\boost\bind\placeholders.hpp(46): message : see reference to class template instantiation 'boost::arg<1>' being compiled
  Generating Code...
     Creating library C:/MAK/vrforces4.9/examples/c2simVRF/build64/Debug/c2simVRFd.lib and object C:/MAK/vrforces4.9/examples/c2simVRF/build64/Debug/c2simVRFd.exp
C2SIMClientLibd.lib(C2SIMClientREST_Lib.obj) : warning LNK4099: PDB 'ClientLib.pdb' was not found with 'C2SIMClientLibd.lib(C2SIMClientREST_Lib.obj)' or at 'C:\MAK\vrforces4.9\examples\c2simVRF\build64\Debug\ClientLib.pdb'; linking object as if no debug info
C2SIMClientLibd.lib(C2SIMClientSTOMP_Lib.obj) : warning LNK4099: PDB 'ClientLib.pdb' was not found with 'C2SIMClientLibd.lib(C2SIMClientSTOMP_Lib.obj)' or at 'C:\MAK\vrforces4.9\examples\c2simVRF\build64\Debug\ClientLib.pdb'; linking object as if no debug info
C2SIMClientLibd.lib(C2SIMSTOMPMessage.obj) : warning LNK4099: PDB 'ClientLib.pdb' was not found with 'C2SIMClientLibd.lib(C2SIMSTOMPMessage.obj)' or at 'C:\MAK\vrforces4.9\examples\c2simVRF\build64\Debug\ClientLib.pdb'; linking object as if no debug info
C2SIMClientLibd.lib(C2SIMClientException.obj) : warning LNK4099: PDB 'ClientLib.pdb' was not found with 'C2SIMClientLibd.lib(C2SIMClientException.obj)' or at 'C:\MAK\vrforces4.9\examples\c2simVRF\build64\Debug\ClientLib.pdb'; linking object as if no debug info
C2SIMClientLibd.lib(C2SIMHeader.obj) : warning LNK4099: PDB 'ClientLib.pdb' was not found with 'C2SIMClientLibd.lib(C2SIMHeader.obj)' or at 'C:\MAK\vrforces4.9\examples\c2simVRF\build64\Debug\ClientLib.pdb'; linking object as if no debug info
C2SIMClientLibd.lib(StompClient.obj) : warning LNK4099: PDB 'ClientLib.pdb' was not found with 'C2SIMClientLibd.lib(StompClient.obj)' or at 'C:\MAK\vrforces4.9\examples\c2simVRF\build64\Debug\ClientLib.pdb'; linking object as if no debug info
  c2simVRF.vcxproj -> C:\Users\c2sim\Desktop\C2SIM archive\c2simVRFinterfacev2.17\build64\Debug\c2simVRFd.exe
  xcopy "C:\Users\c2sim\Desktop\C2SIM archive\c2simVRFinterfacev2.17\build64\Debug\c2simVRFd.exe" bin64 /y /q
  1 File(s) copied
