c:\users\c2sim\desktop\c2simarchive\c2simvrfinterfacev2.28\build64\debug\c2simvrfdisd.lib
c:\users\c2sim\desktop\c2simarchive\c2simvrfinterfacev2.28\build64\debug\c2simvrfdisd.exp
c:\users\c2sim\desktop\c2simarchive\c2simvrfinterfacev2.29\build64\debug\c2simvrfdisd.lib
c:\users\c2sim\desktop\c2simarchive\c2simvrfinterfacev2.29\build64\debug\c2simvrfdisd.exp
c:\users\c2sim\desktop\c2simarchive\c2simvrfinterfacev2.28\c2simvrfdis.dir\debug\vc142.pdb
c:\users\c2sim\desktop\c2simarchive\c2simvrfinterfacev2.28\c2simvrfdis.dir\debug\textif.obj
c:\users\c2sim\desktop\c2simarchive\c2simvrfinterfacev2.28\c2simvrfdis.dir\debug\main.obj
c:\users\c2sim\desktop\c2simarchive\c2simvrfinterfacev2.28\c2simvrfdis.dir\debug\xerces_utils.obj
c:\users\c2sim\desktop\c2simarchive\c2simvrfinterfacev2.28\c2simvrfdis.dir\debug\remotecontrolinit.obj
c:\users\c2sim\desktop\c2simarchive\c2simvrfinterfacev2.28\c2simvrfdis.dir\debug\c2simxmlhandler.obj
c:\users\c2sim\desktop\c2simarchive\c2simvrfinterfacev2.28\c2simvrfdis.dir\debug\c2siminterface.obj
c:\users\c2sim\desktop\c2simarchive\c2simvrfinterfacev2.29\c2simvrfdis.dir\debug\vc142.pdb
c:\users\c2sim\desktop\c2simarchive\c2simvrfinterfacev2.29\c2simvrfdis.dir\debug\textif.obj
c:\users\c2sim\desktop\c2simarchive\c2simvrfinterfacev2.29\c2simvrfdis.dir\debug\main.obj
c:\users\c2sim\desktop\c2simarchive\c2simvrfinterfacev2.29\c2simvrfdis.dir\debug\xerces_utils.obj
c:\users\c2sim\desktop\c2simarchive\c2simvrfinterfacev2.29\c2simvrfdis.dir\debug\remotecontrolinit.obj
c:\users\c2sim\desktop\c2simarchive\c2simvrfinterfacev2.29\c2simvrfdis.dir\debug\c2simxmlhandler.obj
c:\users\c2sim\desktop\c2simarchive\c2simvrfinterfacev2.29\c2simvrfdis.dir\debug\c2siminterface.obj
c:\users\c2sim\desktop\c2simarchive\c2simvrfinterfacev2.29\build64\debug\c2simvrfdisd.exe
c:\users\c2sim\desktop\c2simarchive\c2simvrfinterfacev2.29\build64\debug\c2simvrfdisd.ilk
c:\mak\vrforces5.0.1ac2simvrfdisd.pdb
c:\users\c2sim\desktop\c2simarchive\c2simvrfinterfacev2.29\c2simvrfdis.dir\debug\c2simvrfdis.tlog\c2simvrfdis.write.1u.tlog
c:\users\c2sim\desktop\c2simarchive\c2simvrfinterfacev2.29\c2simvrfdis.dir\debug\c2simvrfdis.tlog\cl.command.1.tlog
c:\users\c2sim\desktop\c2simarchive\c2simvrfinterfacev2.29\c2simvrfdis.dir\debug\c2simvrfdis.tlog\cl.read.1.tlog
c:\users\c2sim\desktop\c2simarchive\c2simvrfinterfacev2.29\c2simvrfdis.dir\debug\c2simvrfdis.tlog\cl.write.1.tlog
c:\users\c2sim\desktop\c2simarchive\c2simvrfinterfacev2.29\c2simvrfdis.dir\debug\c2simvrfdis.tlog\link.11472.delete.1.tlog
c:\users\c2sim\desktop\c2simarchive\c2simvrfinterfacev2.29\c2simvrfdis.dir\debug\c2simvrfdis.tlog\link.command.1.tlog
c:\users\c2sim\desktop\c2simarchive\c2simvrfinterfacev2.29\c2simvrfdis.dir\debug\c2simvrfdis.tlog\link.read.1.tlog
c:\users\c2sim\desktop\c2simarchive\c2simvrfinterfacev2.29\c2simvrfdis.dir\debug\c2simvrfdis.tlog\link.write.1.tlog
