c:\users\c2sim\desktop\c2simarchive\c2simvrfinterfacev2.28\build64\release\c2simvrfhla1516e.lib
c:\users\c2sim\desktop\c2simarchive\c2simvrfinterfacev2.28\build64\release\c2simvrfhla1516e.exp
c:\users\c2sim\desktop\c2simarchive\c2simvrfinterfacev2.28\c2simvrfhla1516e.dir\release\textif.obj
c:\users\c2sim\desktop\c2simarchive\c2simvrfinterfacev2.28\c2simvrfhla1516e.dir\release\main.obj
c:\users\c2sim\desktop\c2simarchive\c2simvrfinterfacev2.28\c2simvrfhla1516e.dir\release\xerces_utils.obj
c:\users\c2sim\desktop\c2simarchive\c2simvrfinterfacev2.28\c2simvrfhla1516e.dir\release\remotecontrolinit.obj
c:\users\c2sim\desktop\c2simarchive\c2simvrfinterfacev2.28\c2simvrfhla1516e.dir\release\c2simxmlhandler.obj
c:\users\c2sim\desktop\c2simarchive\c2simvrfinterfacev2.28\c2simvrfhla1516e.dir\release\c2siminterface.obj
c:\users\c2sim\desktop\c2simarchive\c2simvrfinterfacev2.28\build64\release\c2simvrfhla1516e.exe
c:\users\c2sim\desktop\c2simarchive\c2simvrfinterfacev2.29\c2simvrfhla1516e.dir\release\c2siminterface.obj
c:\users\c2sim\desktop\c2simarchive\c2simvrfinterfacev2.29\c2simvrfhla1516e.dir\release\c2simxmlhandler.obj
c:\users\c2sim\desktop\c2simarchive\c2simvrfinterfacev2.29\c2simvrfhla1516e.dir\release\main.obj
c:\users\c2sim\desktop\c2simarchive\c2simvrfinterfacev2.29\c2simvrfhla1516e.dir\release\remotecontrolinit.obj
c:\users\c2sim\desktop\c2simarchive\c2simvrfinterfacev2.29\c2simvrfhla1516e.dir\release\textif.obj
c:\users\c2sim\desktop\c2simarchive\c2simvrfinterfacev2.29\c2simvrfhla1516e.dir\release\xerces_utils.obj
c:\users\c2sim\desktop\c2simarchive\c2simvrfinterfacev2.29\build64\release\c2simvrfhla1516e.exe
c:\users\c2sim\desktop\c2simarchive\c2simvrfinterfacev2.29\c2simvrfhla1516e.dir\release\c2simvrfhla.tlog\c2simvrfhla.write.1u.tlog
c:\users\c2sim\desktop\c2simarchive\c2simvrfinterfacev2.29\c2simvrfhla1516e.dir\release\c2simvrfhla.tlog\cl.command.1.tlog
c:\users\c2sim\desktop\c2simarchive\c2simvrfinterfacev2.29\c2simvrfhla1516e.dir\release\c2simvrfhla.tlog\cl.read.1.tlog
c:\users\c2sim\desktop\c2simarchive\c2simvrfinterfacev2.29\c2simvrfhla1516e.dir\release\c2simvrfhla.tlog\cl.write.1.tlog
c:\users\c2sim\desktop\c2simarchive\c2simvrfinterfacev2.29\c2simvrfhla1516e.dir\release\c2simvrfhla.tlog\link.command.1.tlog
c:\users\c2sim\desktop\c2simarchive\c2simvrfinterfacev2.29\c2simvrfhla1516e.dir\release\c2simvrfhla.tlog\link.read.1.tlog
c:\users\c2sim\desktop\c2simarchive\c2simvrfinterfacev2.29\c2simvrfhla1516e.dir\release\c2simvrfhla.tlog\link.write.1.tlog
